<?xml version="1.0" encoding="UTF-8"?>
<!-- Generated by org.testng.reporters.JUnitReportReporter -->
<testsuite skipped="0" hostname="home-PC" name="com.twitter.statuses.UserTimelineTest" tests="1" failures="0" timestamp="02 Oct 2018 15:26:33 GMT" time="4.410" errors="0">
  <testcase name="readTweet" time="4.410" classname="com.twitter.statuses.UserTimelineTest"/>
</testsuite> <!-- com.twitter.statuses.UserTimelineTest -->
